<?xml version="1.0" encoding="UTF-8"?>
<!-- Generated by org.testng.reporters.JUnitReportReporter -->
<testsuite hostname="DESKTOP-CISES2H" failures="0" tests="1" name="iNet_bankingv1.testCase.Tc_LoginTest_001" time="26.890" errors="0" timestamp="2022-08-02T17:55:31 IST" skipped="0">
  <testcase classname="iNet_bankingv1.testCase.Tc_LoginTest_001" name="loginTest" time="26.890"/>
  <system-out/>
</testsuite> <!-- iNet_bankingv1.testCase.Tc_LoginTest_001 -->
